Build started 18.05.2014 17:35:23.
     1>Project "C:\Users\Dolgov\documents\visual studio 2010\Projects\strix\strix\strix.vcxproj" on node 2 (build target(s)).
     1>InitializeBuildStatus:
         Creating "Debug\strix.unsuccessfulbuild" because "AlwaysCreate" was specified.
       ClCompile:
         C:\Program Files (x86)\Microsoft Visual Studio 10.0\VC\bin\CL.exe /c /ZI /nologo /W3 /WX- /Od /Oy- /D WIN32 /D _DEBUG /D _CONSOLE /D _UNICODE /D UNICODE /Gm /EHsc /RTC1 /MDd /GS /fp:precise /Zc:wchar_t /Zc:forScope /Fo"Debug\\" /Fd"Debug\vc100.pdb" /Gd /TP /analyze- /errorReport:prompt Lots.cpp main.cpp
         Lots.cpp
     1>c:\users\dolgov\documents\visual studio 2010\projects\strix\strix\lots.cpp(17): warning C4018: '<' : signed/unsigned mismatch
     1>c:\users\dolgov\documents\visual studio 2010\projects\strix\strix\lots.cpp(28): warning C4244: '=' : conversion from 'int' to 'float', possible loss of data
     1>c:\users\dolgov\documents\visual studio 2010\projects\strix\strix\lots.cpp(32): warning C4996: 'strcpy': This function or variable may be unsafe. Consider using strcpy_s instead. To disable deprecation, use _CRT_SECURE_NO_WARNINGS. See online help for details.
                 c:\program files (x86)\microsoft visual studio 10.0\vc\include\string.h(105) : see declaration of 'strcpy'
     1>c:\users\dolgov\documents\visual studio 2010\projects\strix\strix\lots.cpp(36): warning C4996: 'ctime': This function or variable may be unsafe. Consider using ctime_s instead. To disable deprecation, use _CRT_SECURE_NO_WARNINGS. See online help for details.
                 c:\program files (x86)\microsoft visual studio 10.0\vc\include\time.inl(86) : see declaration of 'ctime'
     1>c:\users\dolgov\documents\visual studio 2010\projects\strix\strix\lots.cpp(37): warning C4996: 'strcpy': This function or variable may be unsafe. Consider using strcpy_s instead. To disable deprecation, use _CRT_SECURE_NO_WARNINGS. See online help for details.
                 c:\program files (x86)\microsoft visual studio 10.0\vc\include\string.h(105) : see declaration of 'strcpy'
     1>c:\users\dolgov\documents\visual studio 2010\projects\strix\strix\lots.cpp(46): warning C4018: '<' : signed/unsigned mismatch
     1>c:\users\dolgov\documents\visual studio 2010\projects\strix\strix\lots.cpp(61): warning C4018: '<' : signed/unsigned mismatch
     1>c:\users\dolgov\documents\visual studio 2010\projects\strix\strix\lots.cpp(78): warning C4018: '<' : signed/unsigned mismatch
     1>c:\users\dolgov\documents\visual studio 2010\projects\strix\strix\lots.cpp(102): warning C4996: 'ctime': This function or variable may be unsafe. Consider using ctime_s instead. To disable deprecation, use _CRT_SECURE_NO_WARNINGS. See online help for details.
                 c:\program files (x86)\microsoft visual studio 10.0\vc\include\time.inl(86) : see declaration of 'ctime'
     1>c:\users\dolgov\documents\visual studio 2010\projects\strix\strix\lots.cpp(103): warning C4996: 'strcpy': This function or variable may be unsafe. Consider using strcpy_s instead. To disable deprecation, use _CRT_SECURE_NO_WARNINGS. See online help for details.
                 c:\program files (x86)\microsoft visual studio 10.0\vc\include\string.h(105) : see declaration of 'strcpy'
     1>c:\users\dolgov\documents\visual studio 2010\projects\strix\strix\lots.cpp(140): warning C4244: '=' : conversion from 'std::streamoff' to 'int', possible loss of data
     1>c:\users\dolgov\documents\visual studio 2010\projects\strix\strix\lots.cpp(158): warning C4244: '=' : conversion from 'std::streamoff' to 'int', possible loss of data
     1>c:\users\dolgov\documents\visual studio 2010\projects\strix\strix\lots.cpp(176): warning C4244: '=' : conversion from 'std::streamoff' to 'int', possible loss of data
     1>c:\users\dolgov\documents\visual studio 2010\projects\strix\strix\lots.cpp(205): warning C4244: '=' : conversion from 'std::streamoff' to 'int', possible loss of data
         Generating Code...
         Compiling...
         main.cpp
     1>c:\users\dolgov\documents\visual studio 2010\projects\strix\strix\main.cpp(26): warning C4018: '<' : signed/unsigned mismatch
     1>c:\users\dolgov\documents\visual studio 2010\projects\strix\strix\main.cpp(81): warning C4800: 'char *' : forcing value to bool 'true' or 'false' (performance warning)
     1>c:\users\dolgov\documents\visual studio 2010\projects\strix\strix\main.cpp(93): warning C4244: 'argument' : conversion from 'float' to 'int', possible loss of data
     1>c:\users\dolgov\documents\visual studio 2010\projects\strix\strix\main.cpp(93): warning C4800: 'char *' : forcing value to bool 'true' or 'false' (performance warning)
     1>c:\users\dolgov\documents\visual studio 2010\projects\strix\strix\main.cpp(93): warning C4996: 'itoa': The POSIX name for this item is deprecated. Instead, use the ISO C++ conformant name: _itoa. See online help for details.
                 c:\program files (x86)\microsoft visual studio 10.0\vc\include\stdlib.h(867) : see declaration of 'itoa'
     1>c:\users\dolgov\documents\visual studio 2010\projects\strix\strix\main.cpp(105): warning C4800: 'char *' : forcing value to bool 'true' or 'false' (performance warning)
     1>c:\users\dolgov\documents\visual studio 2010\projects\strix\strix\main.cpp(117): warning C4800: 'char *' : forcing value to bool 'true' or 'false' (performance warning)
     1>c:\users\dolgov\documents\visual studio 2010\projects\strix\strix\main.cpp(14): warning C4101: 'n' : unreferenced local variable
     1>c:\users\dolgov\documents\visual studio 2010\projects\strix\strix\main.cpp(7): warning C4101: 'lot' : unreferenced local variable
     1>c:\users\dolgov\documents\visual studio 2010\projects\strix\strix\main.cpp(9): warning C4101: 'seller' : unreferenced local variable
     1>c:\users\dolgov\documents\visual studio 2010\projects\strix\strix\main.cpp(104): warning C4101: 'str' : unreferenced local variable
     1>c:\users\dolgov\documents\visual studio 2010\projects\strix\strix\main.cpp(116): warning C4101: 'str' : unreferenced local variable
         Generating Code...
       Link:
         C:\Program Files (x86)\Microsoft Visual Studio 10.0\VC\bin\link.exe /ERRORREPORT:PROMPT /OUT:"C:\Users\Dolgov\documents\visual studio 2010\Projects\strix\Debug\strix.exe" /INCREMENTAL:NO /NOLOGO kernel32.lib user32.lib gdi32.lib winspool.lib comdlg32.lib advapi32.lib shell32.lib ole32.lib oleaut32.lib uuid.lib odbc32.lib odbccp32.lib /MANIFEST /ManifestFile:"Debug\strix.exe.intermediate.manifest" /MANIFESTUAC:"level='asInvoker' uiAccess='false'" /DEBUG /PDB:"C:\Users\Dolgov\documents\visual studio 2010\Projects\strix\Debug\strix.pdb" /SUBSYSTEM:CONSOLE /TLBID:1 /DYNAMICBASE /NXCOMPAT /IMPLIB:"C:\Users\Dolgov\documents\visual studio 2010\Projects\strix\Debug\strix.lib" /MACHINE:X86 Debug\Lots.obj
         Debug\main.obj
     1>Lots.obj : warning LNK4075: ignoring '/EDITANDCONTINUE' due to '/INCREMENTAL:NO' specification
         strix.vcxproj -> C:\Users\Dolgov\documents\visual studio 2010\Projects\strix\Debug\strix.exe
       Manifest:
         C:\Program Files (x86)\Microsoft SDKs\Windows\v7.0A\bin\mt.exe /nologo /verbose /outputresource:"C:\Users\Dolgov\documents\visual studio 2010\Projects\strix\Debug\strix.exe;#1" /manifest Debug\strix.exe.intermediate.manifest
       FinalizeBuildStatus:
         Deleting file "Debug\strix.unsuccessfulbuild".
         Touching "Debug\strix.lastbuildstate".
     1>Done Building Project "C:\Users\Dolgov\documents\visual studio 2010\Projects\strix\strix\strix.vcxproj" (build target(s)).

Build succeeded.

Time Elapsed 00:00:02.22
