C:\USERS\DOLGOV\DOCUMENTS\VISUAL STUDIO 2010\PROJECTS\STRIX\DEBUG\STRIX.EXE
C:\USERS\DOLGOV\DOCUMENTS\VISUAL STUDIO 2010\PROJECTS\STRIX\DEBUG\STRIX.PDB
C:\USERS\DOLGOV\DOCUMENTS\VISUAL STUDIO 2010\PROJECTS\STRIX\STRIX\DEBUG\LOTS.OBJ
C:\USERS\DOLGOV\DOCUMENTS\VISUAL STUDIO 2010\PROJECTS\STRIX\STRIX\DEBUG\STRIX.EXE.EMBED.MANIFEST.RES
C:\USERS\DOLGOV\DOCUMENTS\VISUAL STUDIO 2010\PROJECTS\STRIX\STRIX\DEBUG\STRIX.EXE.INTERMEDIATE.MANIFEST
C:\USERS\DOLGOV\DOCUMENTS\VISUAL STUDIO 2010\PROJECTS\STRIX\STRIX\DEBUG\VC100.PDB
C:\USERS\EDGAR\DOCUMENTS\GITHUB\DSQCPP\DEBUG\STRIX.EXE
C:\Users\Edgar\Documents\GitHub\dsqcpp\Debug\strix.pdb
C:\Users\Edgar\Documents\GitHub\dsqcpp\strix\Debug\cl.command.1.tlog
C:\Users\Edgar\Documents\GitHub\dsqcpp\strix\Debug\CL.read.1.tlog
C:\Users\Edgar\Documents\GitHub\dsqcpp\strix\Debug\CL.write.1.tlog
C:\Users\Edgar\Documents\GitHub\dsqcpp\strix\Debug\link.command.1.tlog
C:\Users\Edgar\Documents\GitHub\dsqcpp\strix\Debug\link.read.1.tlog
C:\Users\Edgar\Documents\GitHub\dsqcpp\strix\Debug\link.write.1.tlog
C:\USERS\EDGAR\DOCUMENTS\GITHUB\DSQCPP\STRIX\DEBUG\LOTS.OBJ
C:\USERS\EDGAR\DOCUMENTS\GITHUB\DSQCPP\STRIX\DEBUG\MAIN.OBJ
C:\Users\Edgar\Documents\GitHub\dsqcpp\strix\Debug\mt.command.1.tlog
C:\Users\Edgar\Documents\GitHub\dsqcpp\strix\Debug\mt.read.1.tlog
C:\Users\Edgar\Documents\GitHub\dsqcpp\strix\Debug\mt.write.1.tlog
C:\Users\Edgar\Documents\GitHub\dsqcpp\strix\Debug\rc.command.1.tlog
C:\Users\Edgar\Documents\GitHub\dsqcpp\strix\Debug\rc.read.1.tlog
C:\Users\Edgar\Documents\GitHub\dsqcpp\strix\Debug\rc.write.1.tlog
C:\Users\Edgar\Documents\GitHub\dsqcpp\strix\Debug\strix.exe.embed.manifest
C:\Users\Edgar\Documents\GitHub\dsqcpp\strix\Debug\strix.exe.embed.manifest.res
C:\Users\Edgar\Documents\GitHub\dsqcpp\strix\Debug\strix.exe.intermediate.manifest
C:\Users\Edgar\Documents\GitHub\dsqcpp\strix\Debug\strix.vcxprojResolveAssemblyReference.cache
C:\Users\Edgar\Documents\GitHub\dsqcpp\strix\Debug\strix.write.1.tlog
C:\Users\Edgar\Documents\GitHub\dsqcpp\strix\Debug\strix_manifest.rc
C:\Users\Edgar\Documents\GitHub\dsqcpp\strix\Debug\vc100.idb
C:\USERS\EDGAR\DOCUMENTS\GITHUB\DSQCPP\STRIX\DEBUG\VC100.PDB
